2025-01-11 14:33:04,489 - DEBUG - Harmless debug Message
2025-01-11 14:33:30,667 - DEBUG - test!!
2025-01-11 14:43:16,776 - DEBUG - Test!
2025-01-11 14:58:30,830 - INFO - [31m[1mWARNING: This is a development server. Do not use it in a production deployment. Use a production WSGI server instead.[0m
 * Running on http://127.0.0.1:5000
2025-01-11 14:58:30,830 - INFO - [33mPress CTRL+C to quit[0m
2025-01-11 14:58:30,830 - INFO -  * Restarting with stat
2025-01-11 14:58:31,756 - WARNING -  * Debugger is active!
2025-01-11 14:58:31,766 - INFO -  * Debugger PIN: 302-564-930
2025-01-11 15:09:26,829 - INFO - [31m[1mWARNING: This is a development server. Do not use it in a production deployment. Use a production WSGI server instead.[0m
 * Running on http://127.0.0.1:5000
2025-01-11 15:09:26,829 - INFO - [33mPress CTRL+C to quit[0m
2025-01-11 15:09:26,830 - INFO -  * Restarting with stat
2025-01-11 15:09:27,712 - WARNING -  * Debugger is active!
2025-01-11 15:09:27,719 - INFO -  * Debugger PIN: 302-564-930
2025-01-11 15:15:52,902 - INFO - [31m[1mWARNING: This is a development server. Do not use it in a production deployment. Use a production WSGI server instead.[0m
 * Running on http://127.0.0.1:5000
2025-01-11 15:15:52,903 - INFO - [33mPress CTRL+C to quit[0m
2025-01-11 15:15:52,903 - INFO -  * Restarting with stat
2025-01-11 15:15:53,840 - WARNING -  * Debugger is active!
2025-01-11 15:15:53,848 - INFO -  * Debugger PIN: 302-564-930
2025-01-11 15:16:29,453 - INFO - main() successfully called
2025-01-11 15:16:29,707 - INFO - main() successfully called
2025-01-11 15:17:01,034 - INFO - [31m[1mWARNING: This is a development server. Do not use it in a production deployment. Use a production WSGI server instead.[0m
 * Running on http://127.0.0.1:5000
2025-01-11 15:17:01,034 - INFO - [33mPress CTRL+C to quit[0m
2025-01-11 15:17:01,034 - INFO -  * Restarting with stat
2025-01-11 15:17:01,978 - WARNING -  * Debugger is active!
2025-01-11 15:17:01,984 - INFO -  * Debugger PIN: 302-564-930
2025-01-11 15:24:05,608 - INFO -  * Detected change in '/Users/calebwang/repos/scifair25/module1.py', reloading
2025-01-11 15:24:05,705 - INFO -  * Restarting with stat
2025-01-11 15:24:06,824 - WARNING -  * Debugger is active!
2025-01-11 15:24:06,832 - INFO -  * Debugger PIN: 302-564-930
2025-01-11 15:24:11,910 - INFO -  * Detected change in '/Users/calebwang/repos/scifair25/module1.py', reloading
2025-01-11 15:24:12,021 - INFO -  * Restarting with stat
2025-01-11 15:24:13,031 - WARNING -  * Debugger is active!
2025-01-11 15:24:13,037 - INFO -  * Debugger PIN: 302-564-930
2025-01-11 15:24:14,049 - INFO -  * Detected change in '/Users/calebwang/repos/scifair25/module1.py', reloading
2025-01-11 15:24:14,146 - INFO -  * Restarting with stat
2025-01-11 15:24:15,157 - WARNING -  * Debugger is active!
2025-01-11 15:24:15,165 - INFO -  * Debugger PIN: 302-564-930
2025-01-11 15:24:23,253 - INFO -  * Detected change in '/Users/calebwang/repos/scifair25/module1.py', reloading
2025-01-11 15:24:23,352 - INFO -  * Restarting with stat
2025-01-11 15:24:24,416 - WARNING -  * Debugger is active!
2025-01-11 15:24:24,424 - INFO -  * Debugger PIN: 302-564-930
2025-01-11 15:24:26,466 - INFO -  * Detected change in '/Users/calebwang/repos/scifair25/module1.py', reloading
2025-01-11 15:24:26,560 - INFO -  * Restarting with stat
2025-01-11 15:24:27,566 - WARNING -  * Debugger is active!
2025-01-11 15:24:27,573 - INFO -  * Debugger PIN: 302-564-930
2025-01-11 15:24:32,276 - INFO - main() successfully called
2025-01-11 15:24:32,530 - INFO - main() successfully called
2025-01-11 15:24:40,642 - INFO - [31m[1mWARNING: This is a development server. Do not use it in a production deployment. Use a production WSGI server instead.[0m
 * Running on http://127.0.0.1:5000
2025-01-11 15:24:40,642 - INFO - [33mPress CTRL+C to quit[0m
2025-01-11 15:24:40,642 - INFO -  * Restarting with stat
2025-01-11 15:24:41,586 - WARNING -  * Debugger is active!
2025-01-11 15:24:41,593 - INFO -  * Debugger PIN: 302-564-930
2025-01-11 15:28:33,608 - INFO - main() successfully called
2025-01-11 15:28:33,862 - INFO - main() successfully called
2025-01-11 15:28:39,391 - INFO - main() successfully called
2025-01-11 15:29:07,099 - INFO - Able to retrieve 3387 abstracts
2025-01-11 15:29:22,803 - INFO - Abstracts successfully retrived and lemmatized
2025-01-11 15:35:06,974 - INFO - main() successfully called
2025-01-11 15:35:35,496 - INFO - Able to retrieve 3387 abstracts
2025-01-11 15:35:50,759 - INFO - Abstracts successfully retrived and lemmatized
2025-01-11 15:39:53,988 - INFO - main() successfully called
2025-01-11 15:40:23,070 - INFO - Able to retrieve 3387 abstracts
2025-01-11 15:40:38,422 - INFO - Abstracts successfully retrived and lemmatized
2025-01-11 15:41:31,790 - INFO - main() successfully called
2025-01-11 15:42:01,461 - INFO - Able to retrieve 3387 abstracts
2025-01-11 15:42:17,168 - INFO - Abstracts successfully retrived and lemmatized
2025-01-11 15:42:17,175 - INFO - Abstracts successfully placed in db
2025-01-12 00:13:06,954 - INFO - adding document #0 to Dictionary<0 unique tokens: []>
2025-01-12 00:13:07,207 - INFO - built Dictionary<24340 unique tokens: ['(', ')', ',', '.', 'a']...> from 3807 documents (total 944198 corpus positions)
2025-01-12 00:13:07,225 - DEBUG - starting a new internal lifecycle event log for Dictionary
2025-01-12 00:13:07,226 - INFO - Dictionary lifecycle event {'msg': "built Dictionary<24340 unique tokens: ['(', ')', ',', '.', 'a']...> from 3807 documents (total 944198 corpus positions)", 'datetime': '2025-01-12T00:13:07.207976', 'gensim': '4.3.3', 'python': '3.9.21 (main, Dec 11 2024, 10:21:40) \n[Clang 14.0.6 ]', 'platform': 'macOS-15.1.1-arm64-arm-64bit', 'event': 'created'}
2025-01-12 00:13:07,384 - INFO - collecting document frequencies
2025-01-12 00:13:07,384 - INFO - PROGRESS: processing document #0
2025-01-12 00:13:07,423 - DEBUG - starting a new internal lifecycle event log for TfidfModel
2025-01-12 00:13:07,423 - INFO - TfidfModel lifecycle event {'msg': 'calculated IDF weights for 3807 documents and 24340 features (448229 matrix non-zeros)', 'datetime': '2025-01-12T00:13:07.423326', 'gensim': '4.3.3', 'python': '3.9.21 (main, Dec 11 2024, 10:21:40) \n[Clang 14.0.6 ]', 'platform': 'macOS-15.1.1-arm64-arm-64bit', 'event': 'initialize'}
2025-01-12 00:16:56,566 - INFO - main() successfully called
2025-01-12 00:17:26,533 - INFO - Able to retrieve 3387 abstracts
2025-01-12 00:17:42,635 - INFO - Abstracts successfully retrived and lemmatized
2025-01-12 00:17:42,646 - INFO - Abstracts successfully placed in db
2025-01-12 00:17:55,579 - INFO - adding document #0 to Dictionary<0 unique tokens: []>
2025-01-12 00:17:55,830 - INFO - built Dictionary<24340 unique tokens: ['(', ')', ',', '.', 'a']...> from 3807 documents (total 944198 corpus positions)
2025-01-12 00:17:55,850 - DEBUG - starting a new internal lifecycle event log for Dictionary
2025-01-12 00:17:55,850 - INFO - Dictionary lifecycle event {'msg': "built Dictionary<24340 unique tokens: ['(', ')', ',', '.', 'a']...> from 3807 documents (total 944198 corpus positions)", 'datetime': '2025-01-12T00:17:55.830206', 'gensim': '4.3.3', 'python': '3.9.21 (main, Dec 11 2024, 10:21:40) \n[Clang 14.0.6 ]', 'platform': 'macOS-15.1.1-arm64-arm-64bit', 'event': 'created'}
2025-01-12 00:17:56,011 - INFO - collecting document frequencies
2025-01-12 00:17:56,011 - INFO - PROGRESS: processing document #0
2025-01-12 00:17:56,048 - DEBUG - starting a new internal lifecycle event log for TfidfModel
2025-01-12 00:17:56,048 - INFO - TfidfModel lifecycle event {'msg': 'calculated IDF weights for 3807 documents and 24340 features (448229 matrix non-zeros)', 'datetime': '2025-01-12T00:17:56.048763', 'gensim': '4.3.3', 'python': '3.9.21 (main, Dec 11 2024, 10:21:40) \n[Clang 14.0.6 ]', 'platform': 'macOS-15.1.1-arm64-arm-64bit', 'event': 'initialize'}
2025-01-12 00:17:56,319 - INFO - Features successfully placed in db
2025-01-12 00:17:58,665 - INFO - adding document #0 to Dictionary<0 unique tokens: []>
2025-01-12 00:17:58,898 - INFO - built Dictionary<24340 unique tokens: ['(', ')', ',', '.', 'a']...> from 3807 documents (total 944198 corpus positions)
2025-01-12 00:17:58,898 - DEBUG - starting a new internal lifecycle event log for Dictionary
2025-01-12 00:17:58,898 - INFO - Dictionary lifecycle event {'msg': "built Dictionary<24340 unique tokens: ['(', ')', ',', '.', 'a']...> from 3807 documents (total 944198 corpus positions)", 'datetime': '2025-01-12T00:17:58.898150', 'gensim': '4.3.3', 'python': '3.9.21 (main, Dec 11 2024, 10:21:40) \n[Clang 14.0.6 ]', 'platform': 'macOS-15.1.1-arm64-arm-64bit', 'event': 'created'}
2025-01-12 00:17:59,062 - INFO - collecting document frequencies
2025-01-12 00:17:59,062 - INFO - PROGRESS: processing document #0
2025-01-12 00:17:59,103 - DEBUG - starting a new internal lifecycle event log for TfidfModel
2025-01-12 00:17:59,103 - INFO - TfidfModel lifecycle event {'msg': 'calculated IDF weights for 3807 documents and 24340 features (448229 matrix non-zeros)', 'datetime': '2025-01-12T00:17:59.103196', 'gensim': '4.3.3', 'python': '3.9.21 (main, Dec 11 2024, 10:21:40) \n[Clang 14.0.6 ]', 'platform': 'macOS-15.1.1-arm64-arm-64bit', 'event': 'initialize'}
2025-01-12 00:17:59,374 - INFO - Compounds successfully placed in db
2025-01-12 00:21:22,130 - INFO - main() successfully called
2025-01-12 00:21:52,731 - INFO - Able to retrieve 3387 abstracts
2025-01-12 00:22:08,020 - INFO - Abstracts successfully retrived and lemmatized
2025-01-12 00:22:08,027 - INFO - Abstracts successfully placed in db
2025-01-12 00:22:11,811 - INFO - adding document #0 to Dictionary<0 unique tokens: []>
2025-01-12 00:22:12,067 - INFO - built Dictionary<24340 unique tokens: ['(', ')', ',', '.', 'a']...> from 3807 documents (total 944198 corpus positions)
2025-01-12 00:22:12,090 - DEBUG - starting a new internal lifecycle event log for Dictionary
2025-01-12 00:22:12,090 - INFO - Dictionary lifecycle event {'msg': "built Dictionary<24340 unique tokens: ['(', ')', ',', '.', 'a']...> from 3807 documents (total 944198 corpus positions)", 'datetime': '2025-01-12T00:22:12.068129', 'gensim': '4.3.3', 'python': '3.9.21 (main, Dec 11 2024, 10:21:40) \n[Clang 14.0.6 ]', 'platform': 'macOS-15.1.1-arm64-arm-64bit', 'event': 'created'}
2025-01-12 00:22:12,253 - INFO - collecting document frequencies
2025-01-12 00:22:12,253 - INFO - PROGRESS: processing document #0
2025-01-12 00:22:12,290 - DEBUG - starting a new internal lifecycle event log for TfidfModel
2025-01-12 00:22:12,290 - INFO - TfidfModel lifecycle event {'msg': 'calculated IDF weights for 3807 documents and 24340 features (448229 matrix non-zeros)', 'datetime': '2025-01-12T00:22:12.290777', 'gensim': '4.3.3', 'python': '3.9.21 (main, Dec 11 2024, 10:21:40) \n[Clang 14.0.6 ]', 'platform': 'macOS-15.1.1-arm64-arm-64bit', 'event': 'initialize'}
2025-01-12 00:22:12,559 - INFO - Features successfully placed in db
2025-01-12 00:22:14,987 - INFO - adding document #0 to Dictionary<0 unique tokens: []>
2025-01-12 00:22:15,229 - INFO - built Dictionary<24340 unique tokens: ['(', ')', ',', '.', 'a']...> from 3807 documents (total 944198 corpus positions)
2025-01-12 00:22:15,229 - DEBUG - starting a new internal lifecycle event log for Dictionary
2025-01-12 00:22:15,229 - INFO - Dictionary lifecycle event {'msg': "built Dictionary<24340 unique tokens: ['(', ')', ',', '.', 'a']...> from 3807 documents (total 944198 corpus positions)", 'datetime': '2025-01-12T00:22:15.229827', 'gensim': '4.3.3', 'python': '3.9.21 (main, Dec 11 2024, 10:21:40) \n[Clang 14.0.6 ]', 'platform': 'macOS-15.1.1-arm64-arm-64bit', 'event': 'created'}
2025-01-12 00:22:15,400 - INFO - collecting document frequencies
2025-01-12 00:22:15,400 - INFO - PROGRESS: processing document #0
2025-01-12 00:22:15,439 - DEBUG - starting a new internal lifecycle event log for TfidfModel
2025-01-12 00:22:15,439 - INFO - TfidfModel lifecycle event {'msg': 'calculated IDF weights for 3807 documents and 24340 features (448229 matrix non-zeros)', 'datetime': '2025-01-12T00:22:15.439098', 'gensim': '4.3.3', 'python': '3.9.21 (main, Dec 11 2024, 10:21:40) \n[Clang 14.0.6 ]', 'platform': 'macOS-15.1.1-arm64-arm-64bit', 'event': 'initialize'}
2025-01-12 00:22:15,737 - INFO - Compounds successfully placed in db
2025-01-12 00:29:36,683 - INFO - main() successfully called
2025-01-12 00:30:10,479 - INFO - Able to retrieve 3387 abstracts
2025-01-12 00:30:25,834 - INFO - Abstracts successfully retrived and lemmatized
2025-01-12 00:31:38,604 - INFO - main() successfully called
2025-01-12 00:32:07,403 - INFO - Able to retrieve 3387 abstracts
2025-01-12 00:32:22,266 - INFO - Abstracts successfully retrived and lemmatized
2025-01-12 00:32:54,891 - INFO - main() successfully called
2025-01-12 00:33:24,652 - INFO - Able to retrieve 3387 abstracts
2025-01-12 00:33:39,810 - INFO - Abstracts successfully retrived and lemmatized
2025-01-12 00:37:38,989 - INFO - main() successfully called
2025-01-12 00:38:12,374 - INFO - Able to retrieve 3387 abstracts
2025-01-12 00:41:57,029 - INFO - main() successfully called
2025-01-12 00:42:29,112 - INFO - Able to retrieve 3387 abstracts
2025-01-12 00:42:44,833 - INFO - Abstracts successfully retrived and lemmatized
2025-01-12 00:44:12,862 - INFO - Abstracts successfully placed in db
2025-01-12 00:44:24,791 - INFO - adding document #0 to Dictionary<0 unique tokens: []>
2025-01-12 18:36:13,477 - INFO - main() successfully called
2025-01-12 18:36:39,224 - INFO - Able to retrieve 3387 abstracts
2025-01-12 18:36:55,476 - INFO - Abstracts successfully retrived and lemmatized
2025-01-12 19:01:22,717 - INFO - main() successfully called
2025-01-12 19:01:52,436 - INFO - Able to retrieve 3387 abstracts
2025-01-12 19:02:09,285 - INFO - Abstracts successfully retrived and lemmatized
2025-01-12 19:06:14,260 - INFO - Abstracts successfully placed in db
2025-01-12 19:50:18,398 - INFO - main() successfully called
2025-01-12 19:50:45,989 - INFO - Able to retrieve 3387 abstracts
2025-01-12 19:51:01,916 - INFO - Abstracts successfully retrived and lemmatized
2025-01-12 19:51:31,064 - INFO - Abstracts successfully placed in db
2025-01-12 19:51:41,683 - INFO - adding document #0 to Dictionary<0 unique tokens: []>
2025-01-12 19:51:41,934 - INFO - built Dictionary<24340 unique tokens: ['(', ')', ',', '.', 'a']...> from 3807 documents (total 944198 corpus positions)
2025-01-12 19:51:41,957 - DEBUG - starting a new internal lifecycle event log for Dictionary
2025-01-12 19:51:41,958 - INFO - Dictionary lifecycle event {'msg': "built Dictionary<24340 unique tokens: ['(', ')', ',', '.', 'a']...> from 3807 documents (total 944198 corpus positions)", 'datetime': '2025-01-12T19:51:41.934672', 'gensim': '4.3.3', 'python': '3.9.21 (main, Dec 11 2024, 10:21:40) \n[Clang 14.0.6 ]', 'platform': 'macOS-15.1.1-arm64-arm-64bit', 'event': 'created'}
2025-01-12 19:51:42,165 - INFO - collecting document frequencies
2025-01-12 19:51:42,165 - INFO - PROGRESS: processing document #0
2025-01-12 19:51:42,204 - DEBUG - starting a new internal lifecycle event log for TfidfModel
2025-01-12 19:51:42,204 - INFO - TfidfModel lifecycle event {'msg': 'calculated IDF weights for 3807 documents and 24340 features (448229 matrix non-zeros)', 'datetime': '2025-01-12T19:51:42.204770', 'gensim': '4.3.3', 'python': '3.9.21 (main, Dec 11 2024, 10:21:40) \n[Clang 14.0.6 ]', 'platform': 'macOS-15.1.1-arm64-arm-64bit', 'event': 'initialize'}
2025-01-12 19:51:42,474 - INFO - Features successfully placed in db
2025-01-12 19:51:44,796 - INFO - adding document #0 to Dictionary<0 unique tokens: []>
2025-01-12 19:51:45,029 - INFO - built Dictionary<24340 unique tokens: ['(', ')', ',', '.', 'a']...> from 3807 documents (total 944198 corpus positions)
2025-01-12 19:51:45,029 - DEBUG - starting a new internal lifecycle event log for Dictionary
2025-01-12 19:51:45,029 - INFO - Dictionary lifecycle event {'msg': "built Dictionary<24340 unique tokens: ['(', ')', ',', '.', 'a']...> from 3807 documents (total 944198 corpus positions)", 'datetime': '2025-01-12T19:51:45.029162', 'gensim': '4.3.3', 'python': '3.9.21 (main, Dec 11 2024, 10:21:40) \n[Clang 14.0.6 ]', 'platform': 'macOS-15.1.1-arm64-arm-64bit', 'event': 'created'}
2025-01-12 19:51:45,184 - INFO - collecting document frequencies
2025-01-12 19:51:45,184 - INFO - PROGRESS: processing document #0
2025-01-12 19:51:45,222 - DEBUG - starting a new internal lifecycle event log for TfidfModel
2025-01-12 19:51:45,222 - INFO - TfidfModel lifecycle event {'msg': 'calculated IDF weights for 3807 documents and 24340 features (448229 matrix non-zeros)', 'datetime': '2025-01-12T19:51:45.222208', 'gensim': '4.3.3', 'python': '3.9.21 (main, Dec 11 2024, 10:21:40) \n[Clang 14.0.6 ]', 'platform': 'macOS-15.1.1-arm64-arm-64bit', 'event': 'initialize'}
2025-01-12 19:51:45,489 - INFO - Compounds successfully placed in db
2025-01-12 19:58:40,299 - INFO - main() successfully called
2025-01-12 19:59:08,374 - INFO - Able to retrieve 3387 abstracts
2025-01-12 19:59:24,020 - INFO - Abstracts successfully retrived and lemmatized
2025-01-12 19:59:45,108 - INFO - Abstracts successfully placed in db
2025-01-12 19:59:55,576 - INFO - adding document #0 to Dictionary<0 unique tokens: []>
2025-01-12 19:59:55,828 - INFO - built Dictionary<24340 unique tokens: ['(', ')', ',', '.', 'a']...> from 3807 documents (total 944198 corpus positions)
2025-01-12 19:59:55,850 - DEBUG - starting a new internal lifecycle event log for Dictionary
2025-01-12 19:59:55,851 - INFO - Dictionary lifecycle event {'msg': "built Dictionary<24340 unique tokens: ['(', ')', ',', '.', 'a']...> from 3807 documents (total 944198 corpus positions)", 'datetime': '2025-01-12T19:59:55.828465', 'gensim': '4.3.3', 'python': '3.9.21 (main, Dec 11 2024, 10:21:40) \n[Clang 14.0.6 ]', 'platform': 'macOS-15.1.1-arm64-arm-64bit', 'event': 'created'}
2025-01-12 19:59:56,060 - INFO - collecting document frequencies
2025-01-12 19:59:56,060 - INFO - PROGRESS: processing document #0
2025-01-12 19:59:56,098 - DEBUG - starting a new internal lifecycle event log for TfidfModel
2025-01-12 19:59:56,098 - INFO - TfidfModel lifecycle event {'msg': 'calculated IDF weights for 3807 documents and 24340 features (448229 matrix non-zeros)', 'datetime': '2025-01-12T19:59:56.098490', 'gensim': '4.3.3', 'python': '3.9.21 (main, Dec 11 2024, 10:21:40) \n[Clang 14.0.6 ]', 'platform': 'macOS-15.1.1-arm64-arm-64bit', 'event': 'initialize'}
